<?xml version="1.0" encoding="UTF-8" standalone="no"?><testsuite errors="0" failures="1" hostname="Patricia-PC" name="default.test" tests="37" time="0.943000"><properties>
[...]
</properties><testcase classname="default.test" name="classWithNameAndWithoutType" time="0.00500000"/><testcase classname="default.test" name="classTypeAbstract" time="0.00100000"/><testcase classname="default.test" name="classHierarchyOneOrManyClasses" time="0.00100000"/><testcase classname="default.test" name="classHierarchyClassesAndInterfaces" time="0.00100000"/><testcase classname="default.test" name="classWithoutProperties" time="0.0370000"/><testcase classname="default.test" name="classWithoutMethods" time="0.0160000"/><testcase classname="default.test" name="classWithoutPropertiesNorMethods" time="0.0140000"/><testcase classname="default.test" name="classWithProperties" time="0.0180000"/><testcase classname="default.test" name="classWithMethods" time="0.0170000"/><testcase classname="default.test" name="classWithPropertiesAndMethods" time="0.0270000"/><testcase classname="default.test" name="packageWithName" time="0.0640000"/><testcase classname="default.test" name="packageWithClassesAndInterfaces" time="0.355000"/><testcase classname="default.test" name="emptyPackage" time="0.00100000"/><testcase classname="default.test" name="packageInsideOtherPackage" time="0.0440000"/><testcase classname="default.test" name="interfaceWithName" time="0.00900000"/><testcase classname="default.test" name="interfaceWithMethods" time="0.0160000"/><testcase classname="default.test" name="interfaceWithoutMethods" time="0.0140000"/><testcase classname="default.test" name="propertyWithName" time="0.00100000"/><testcase classname="default.test" name="propertyWithoutName" time="0.00100000"/><testcase classname="default.test" name="staticProperty" time="0.00100000"/><testcase classname="default.test" name="collectionProperty" time="0.00200000"/><testcase classname="default.test" name="propertyIsObject" time="0.00100000"/><testcase classname="default.test" name="bidirectionalRelation" time="0.00100000"/><testcase classname="default.test" name="methodWithName" time="0.00100000"/><testcase classname="default.test" name="methodWithoutName" time="0.00100000"/><testcase classname="default.test" name="methodWithoutTypeAndWithoutParams" time="0.00100000"/><testcase classname="default.test" name="methodWithoutTypeAndWithParams" time="0.00200000"><failure message="Internal error: Internal error: No lines contained a match for 'PaquetePruebas_metodoSinTipoConParam [ int a]' [C:\Users\Patricia\Documents\UNIVERSIDAD\PFC\Eclipse_1\TestGraphProductLine\src\test.eunit@128:4]&#13;&#10;&#9;at org.eclipse.epsilon.eunit.operations.ExtraEUnitOperationContributor.assertLineMatchingPredicate[ExtraEUnitOperationContributor.java:145]&#13;&#10;&#9;at org.eclipse.epsilon.eunit.operations.ExtraEUnitOperationContributor.assertLineWithMatch[ExtraEUnitOperationContributor.java:123]&#13;&#10;&#9;at org.eclipse.epsilon.eunit.operations.ExtraEUnitOperationContributor.assertLineWithMatch[ExtraEUnitOperationContributor.java:116]&#13;&#10;&#9;at sun.reflect.GeneratedMethodAccessor485.invoke[Unknown Source]&#13;&#10;&#9;at sun.reflect.DelegatingMethodAccessorImpl.invoke[DelegatingMethodAccessorImpl.java:25]&#13;&#10;&#9;at java.lang.reflect.Method.invoke[Method.java:597]&#13;&#10;&#9;at org.eclipse.epsilon.eol.util.ReflectionUtil.executeMethod[ReflectionUtil.java:175]&#13;&#10;&#9;at org.eclipse.epsilon.eol.util.ReflectionUtil.executeMethod[ReflectionUtil.java:157]&#13;&#10;&#9;at org.eclipse.epsilon.eol.execute.PointExecutor.executeOperation[PointExecutor.java:154]&#13;&#10;&#9;at org.eclipse.epsilon.eol.execute.PointExecutor.execute[PointExecutor.java:75]&#13;&#10;&#9;at org.eclipse.epsilon.eol.execute.ContextlessOperationExecutor.execute[ContextlessOperationExecutor.java:27]&#13;&#10;&#9;at org.eclipse.epsilon.eol.execute.NameExecutor.execute[NameExecutor.java:38]&#13;&#10;&#9;at org.eclipse.epsilon.eol.execute.NameExecutor.execute[NameExecutor.java:97]&#13;&#10;&#9;at org.eclipse.epsilon.eol.execute.ExecutorFactory.executeAST[ExecutorFactory.java:226]&#13;&#10;&#9;at org.eclipse.epsilon.eol.execute.ExecutorFactory.executeAST[ExecutorFactory.java:196]&#13;&#10;&#9;at org.eclipse.epsilon.eol.execute.StatementBlockExecutor.execute[StatementBlockExecutor.java:26]&#13;&#10;&#9;at org.eclipse.epsilon.eol.execute.ExecutorFactory.executeAST[ExecutorFactory.java:226]&#13;&#10;&#9;at org.eclipse.epsilon.eol.EolOperation.executeBody[EolOperation.java:276]&#13;&#10;&#9;at org.eclipse.epsilon.eol.EolOperation.execute[EolOperation.java:248]&#13;&#10;&#9;at org.eclipse.epsilon.eunit.EUnitModule.runLeafTestCase[EUnitModule.java:414]&#13;&#10;&#9;at org.eclipse.epsilon.eunit.EUnitModule.runSuiteInternal[EUnitModule.java:342]&#13;&#10;&#9;at org.eclipse.epsilon.eunit.EUnitModule.runSuite[EUnitModule.java:165]&#13;&#10;&#9;at org.eclipse.epsilon.eunit.EUnitModule.runInnerTestCase[EUnitModule.java:369]&#13;&#10;&#9;at org.eclipse.epsilon.eunit.EUnitModule.runSuiteInternal[EUnitModule.java:344]&#13;&#10;&#9;at org.eclipse.epsilon.eunit.EUnitModule.runSuite[EUnitModule.java:165]&#13;&#10;&#9;at org.eclipse.epsilon.eunit.EUnitModule.execute[EUnitModule.java:126]&#13;&#10;&#9;at org.eclipse.epsilon.workflow.tasks.ExecutableModuleTask.executeImpl[ExecutableModuleTask.java:193]&#13;&#10;&#9;at org.eclipse.epsilon.workflow.tasks.EpsilonTask.execute[EpsilonTask.java:42]&#13;&#10;&#9;at org.apache.tools.ant.UnknownElement.execute[UnknownElement.java:291]&#13;&#10;&#9;at sun.reflect.NativeMethodAccessorImpl.invoke0[Native Method]&#13;&#10;&#9;at sun.reflect.NativeMethodAccessorImpl.invoke[NativeMethodAccessorImpl.java:39]&#13;&#10;&#9;at sun.reflect.DelegatingMethodAccessorImpl.invoke[DelegatingMethodAccessorImpl.java:25]&#13;&#10;&#9;at java.lang.reflect.Method.invoke[Method.java:597]&#13;&#10;&#9;at org.apache.tools.ant.dispatch.DispatchUtils.execute[DispatchUtils.java:106]&#13;&#10;&#9;at org.apache.tools.ant.Task.perform[Task.java:348]&#13;&#10;&#9;at org.apache.tools.ant.Target.execute[Target.java:392]&#13;&#10;&#9;at org.apache.tools.ant.Target.performTasks[Target.java:413]&#13;&#10;&#9;at org.apache.tools.ant.Project.executeSortedTargets[Project.java:1399]&#13;&#10;&#9;at org.apache.tools.ant.Project.executeTarget[Project.java:1368]&#13;&#10;&#9;at org.apache.tools.ant.helper.DefaultExecutor.executeTargets[DefaultExecutor.java:41]&#13;&#10;&#9;at org.eclipse.ant.internal.core.ant.EclipseDefaultExecutor.executeTargets[EclipseDefaultExecutor.java:32]&#13;&#10;&#9;at org.apache.tools.ant.Project.executeTargets[Project.java:1251]&#13;&#10;&#9;at org.eclipse.ant.internal.core.ant.InternalAntRunner.run[InternalAntRunner.java:672]&#13;&#10;&#9;at org.eclipse.ant.internal.core.ant.InternalAntRunner.run[InternalAntRunner.java:498]&#13;&#10;&#9;at sun.reflect.NativeMethodAccessorImpl.invoke0[Native Method]&#13;&#10;&#9;at sun.reflect.NativeMethodAccessorImpl.invoke[NativeMethodAccessorImpl.java:39]&#13;&#10;&#9;at sun.reflect.DelegatingMethodAccessorImpl.invoke[DelegatingMethodAccessorImpl.java:25]&#13;&#10;&#9;at java.lang.reflect.Method.invoke[Method.java:597]&#13;&#10;&#9;at org.eclipse.ant.core.AntRunner.run[AntRunner.java:378]&#13;&#10;&#9;at org.eclipse.ant.internal.launching.launchConfigurations.AntLaunchDelegate$1.run[AntLaunchDelegate.java:298]&#13;&#10;&#9;at java.lang.Thread.run[Thread.java:619]&#13;&#10;&#13;&#10;&#9;at org.eclipse.epsilon.eunit.operations.ExtraEUnitOperationContributor.assertLineMatchingPredicate[ExtraEUnitOperationContributor.java:145]&#13;&#10;&#9;at org.eclipse.epsilon.eunit.operations.ExtraEUnitOperationContributor.assertLineWithMatch[ExtraEUnitOperationContributor.java:123]&#13;&#10;&#9;at org.eclipse.epsilon.eunit.operations.ExtraEUnitOperationContributor.assertLineWithMatch[ExtraEUnitOperationContributor.java:116]&#13;&#10;&#9;at sun.reflect.GeneratedMethodAccessor485.invoke[Unknown Source]&#13;&#10;&#9;at sun.reflect.DelegatingMethodAccessorImpl.invoke[DelegatingMethodAccessorImpl.java:25]&#13;&#10;&#9;at java.lang.reflect.Method.invoke[Method.java:597]&#13;&#10;&#9;at org.eclipse.epsilon.eol.util.ReflectionUtil.executeMethod[ReflectionUtil.java:175]&#13;&#10;&#9;at org.eclipse.epsilon.eol.util.ReflectionUtil.executeMethod[ReflectionUtil.java:157]&#13;&#10;&#9;at org.eclipse.epsilon.eol.execute.PointExecutor.executeOperation[PointExecutor.java:154]&#13;&#10;&#9;at org.eclipse.epsilon.eol.execute.PointExecutor.execute[PointExecutor.java:75]&#13;&#10;&#9;at org.eclipse.epsilon.eol.execute.ContextlessOperationExecutor.execute[ContextlessOperationExecutor.java:27]&#13;&#10;&#9;at org.eclipse.epsilon.eol.execute.NameExecutor.execute[NameExecutor.java:38]&#13;&#10;&#9;at org.eclipse.epsilon.eol.execute.NameExecutor.execute[NameExecutor.java:97]&#13;&#10;&#9;at org.eclipse.epsilon.eol.execute.ExecutorFactory.executeAST[ExecutorFactory.java:226]&#13;&#10;&#9;at org.eclipse.epsilon.eol.execute.ExecutorFactory.executeAST[ExecutorFactory.java:196]&#13;&#10;&#9;at org.eclipse.epsilon.eol.execute.StatementBlockExecutor.execute[StatementBlockExecutor.java:26]&#13;&#10;&#9;at org.eclipse.epsilon.eol.execute.ExecutorFactory.executeAST[ExecutorFactory.java:226]&#13;&#10;&#9;at org.eclipse.epsilon.eol.EolOperation.executeBody[EolOperation.java:276]&#13;&#10;&#9;at org.eclipse.epsilon.eol.EolOperation.execute[EolOperation.java:248]&#13;&#10;&#9;at org.eclipse.epsilon.eunit.EUnitModule.runLeafTestCase[EUnitModule.java:414]&#13;&#10;&#9;at org.eclipse.epsilon.eunit.EUnitModule.runSuiteInternal[EUnitModule.java:342]&#13;&#10;&#9;at org.eclipse.epsilon.eunit.EUnitModule.runSuite[EUnitModule.java:165]&#13;&#10;&#9;at org.eclipse.epsilon.eunit.EUnitModule.runInnerTestCase[EUnitModule.java:369]&#13;&#10;&#9;at org.eclipse.epsilon.eunit.EUnitModule.runSuiteInternal[EUnitModule.java:344]&#13;&#10;&#9;at org.eclipse.epsilon.eunit.EUnitModule.runSuite[EUnitModule.java:165]&#13;&#10;&#9;at org.eclipse.epsilon.eunit.EUnitModule.execute[EUnitModule.java:126]&#13;&#10;&#9;at org.eclipse.epsilon.workflow.tasks.ExecutableModuleTask.executeImpl[ExecutableModuleTask.java:193]&#13;&#10;&#9;at org.eclipse.epsilon.workflow.tasks.EpsilonTask.execute[EpsilonTask.java:42]&#13;&#10;&#9;at org.apache.tools.ant.UnknownElement.execute[UnknownElement.java:291]&#13;&#10;&#9;at sun.reflect.NativeMethodAccessorImpl.invoke0[Native Method]&#13;&#10;&#9;at sun.reflect.NativeMethodAccessorImpl.invoke[NativeMethodAccessorImpl.java:39]&#13;&#10;&#9;at sun.reflect.DelegatingMethodAccessorImpl.invoke[DelegatingMethodAccessorImpl.java:25]&#13;&#10;&#9;at java.lang.reflect.Method.invoke[Method.java:597]&#13;&#10;&#9;at org.apache.tools.ant.dispatch.DispatchUtils.execute[DispatchUtils.java:106]&#13;&#10;&#9;at org.apache.tools.ant.Task.perform[Task.java:348]&#13;&#10;&#9;at org.apache.tools.ant.Target.execute[Target.java:392]&#13;&#10;&#9;at org.apache.tools.ant.Target.performTasks[Target.java:413]&#13;&#10;&#9;at org.apache.tools.ant.Project.executeSortedTargets[Project.java:1399]&#13;&#10;&#9;at org.apache.tools.ant.Project.executeTarget[Project.java:1368]&#13;&#10;&#9;at org.apache.tools.ant.helper.DefaultExecutor.executeTargets[DefaultExecutor.java:41]&#13;&#10;&#9;at org.eclipse.ant.internal.core.ant.EclipseDefaultExecutor.executeTargets[EclipseDefaultExecutor.java:32]&#13;&#10;&#9;at org.apache.tools.ant.Project.executeTargets[Project.java:1251]&#13;&#10;&#9;at org.eclipse.ant.internal.core.ant.InternalAntRunner.run[InternalAntRunner.java:672]&#13;&#10;&#9;at org.eclipse.ant.internal.core.ant.InternalAntRunner.run[InternalAntRunner.java:498]&#13;&#10;&#9;at sun.reflect.NativeMethodAccessorImpl.invoke0[Native Method]&#13;&#10;&#9;at sun.reflect.NativeMethodAccessorImpl.invoke[NativeMethodAccessorImpl.java:39]&#13;&#10;&#9;at sun.reflect.DelegatingMethodAccessorImpl.invoke[DelegatingMethodAccessorImpl.java:25]&#13;&#10;&#9;at java.lang.reflect.Method.invoke[Method.java:597]&#13;&#10;&#9;at org.eclipse.ant.core.AntRunner.run[AntRunner.java:378]&#13;&#10;&#9;at org.eclipse.ant.internal.launching.launchConfigurations.AntLaunchDelegate$1.run[AntLaunchDelegate.java:298]&#13;&#10;&#9;at java.lang.Thread.run[Thread.java:619]&#13;&#10;Caused by: No lines contained a match for 'PaquetePruebas_metodoSinTipoConParam [ int a]' [C:\Users\Patricia\Documents\UNIVERSIDAD\PFC\Eclipse_1\TestGraphProductLine\src\test.eunit@128:4]&#13;&#10;&#9;... 51 more&#13;&#10; (C:\Users\Patricia\Documents\UNIVERSIDAD\PFC\Eclipse_1\TestGraphProductLine\src\test.eunit@128:4)" type="org.eclipse.epsilon.eol.exceptions.EolInternalException">Internal error: Internal error: No lines contained a match for 'PaquetePruebas_metodoSinTipoConParam [ int a]' [C:\Users\Patricia\Documents\UNIVERSIDAD\PFC\Eclipse_1\TestGraphProductLine\src\test.eunit@128:4]&#13;
	at org.eclipse.epsilon.eunit.operations.ExtraEUnitOperationContributor.assertLineMatchingPredicate[ExtraEUnitOperationContributor.java:145]&#13;
	at org.eclipse.epsilon.eunit.operations.ExtraEUnitOperationContributor.assertLineWithMatch[ExtraEUnitOperationContributor.java:123]&#13;
	at org.eclipse.epsilon.eunit.operations.ExtraEUnitOperationContributor.assertLineWithMatch[ExtraEUnitOperationContributor.java:116]&#13;
	at sun.reflect.GeneratedMethodAccessor485.invoke[Unknown Source]&#13;
	at sun.reflect.DelegatingMethodAccessorImpl.invoke[DelegatingMethodAccessorImpl.java:25]&#13;
	at java.lang.reflect.Method.invoke[Method.java:597]&#13;
	at org.eclipse.epsilon.eol.util.ReflectionUtil.executeMethod[ReflectionUtil.java:175]&#13;
	at org.eclipse.epsilon.eol.util.ReflectionUtil.executeMethod[ReflectionUtil.java:157]&#13;
	at org.eclipse.epsilon.eol.execute.PointExecutor.executeOperation[PointExecutor.java:154]&#13;
	at org.eclipse.epsilon.eol.execute.PointExecutor.execute[PointExecutor.java:75]&#13;
	at org.eclipse.epsilon.eol.execute.ContextlessOperationExecutor.execute[ContextlessOperationExecutor.java:27]&#13;
	at org.eclipse.epsilon.eol.execute.NameExecutor.execute[NameExecutor.java:38]&#13;
	at org.eclipse.epsilon.eol.execute.NameExecutor.execute[NameExecutor.java:97]&#13;
	at org.eclipse.epsilon.eol.execute.ExecutorFactory.executeAST[ExecutorFactory.java:226]&#13;
	at org.eclipse.epsilon.eol.execute.ExecutorFactory.executeAST[ExecutorFactory.java:196]&#13;
	at org.eclipse.epsilon.eol.execute.StatementBlockExecutor.execute[StatementBlockExecutor.java:26]&#13;
	at org.eclipse.epsilon.eol.execute.ExecutorFactory.executeAST[ExecutorFactory.java:226]&#13;
	at org.eclipse.epsilon.eol.EolOperation.executeBody[EolOperation.java:276]&#13;
	at org.eclipse.epsilon.eol.EolOperation.execute[EolOperation.java:248]&#13;
	at org.eclipse.epsilon.eunit.EUnitModule.runLeafTestCase[EUnitModule.java:414]&#13;
	at org.eclipse.epsilon.eunit.EUnitModule.runSuiteInternal[EUnitModule.java:342]&#13;
	at org.eclipse.epsilon.eunit.EUnitModule.runSuite[EUnitModule.java:165]&#13;
	at org.eclipse.epsilon.eunit.EUnitModule.runInnerTestCase[EUnitModule.java:369]&#13;
	at org.eclipse.epsilon.eunit.EUnitModule.runSuiteInternal[EUnitModule.java:344]&#13;
	at org.eclipse.epsilon.eunit.EUnitModule.runSuite[EUnitModule.java:165]&#13;
	at org.eclipse.epsilon.eunit.EUnitModule.execute[EUnitModule.java:126]&#13;
	at org.eclipse.epsilon.workflow.tasks.ExecutableModuleTask.executeImpl[ExecutableModuleTask.java:193]&#13;
	at org.eclipse.epsilon.workflow.tasks.EpsilonTask.execute[EpsilonTask.java:42]&#13;
	at org.apache.tools.ant.UnknownElement.execute[UnknownElement.java:291]&#13;
	at sun.reflect.NativeMethodAccessorImpl.invoke0[Native Method]&#13;
	at sun.reflect.NativeMethodAccessorImpl.invoke[NativeMethodAccessorImpl.java:39]&#13;
	at sun.reflect.DelegatingMethodAccessorImpl.invoke[DelegatingMethodAccessorImpl.java:25]&#13;
	at java.lang.reflect.Method.invoke[Method.java:597]&#13;
	at org.apache.tools.ant.dispatch.DispatchUtils.execute[DispatchUtils.java:106]&#13;
	at org.apache.tools.ant.Task.perform[Task.java:348]&#13;
	at org.apache.tools.ant.Target.execute[Target.java:392]&#13;
	at org.apache.tools.ant.Target.performTasks[Target.java:413]&#13;
	at org.apache.tools.ant.Project.executeSortedTargets[Project.java:1399]&#13;
	at org.apache.tools.ant.Project.executeTarget[Project.java:1368]&#13;
	at org.apache.tools.ant.helper.DefaultExecutor.executeTargets[DefaultExecutor.java:41]&#13;
	at org.eclipse.ant.internal.core.ant.EclipseDefaultExecutor.executeTargets[EclipseDefaultExecutor.java:32]&#13;
	at org.apache.tools.ant.Project.executeTargets[Project.java:1251]&#13;
	at org.eclipse.ant.internal.core.ant.InternalAntRunner.run[InternalAntRunner.java:672]&#13;
	at org.eclipse.ant.internal.core.ant.InternalAntRunner.run[InternalAntRunner.java:498]&#13;
	at sun.reflect.NativeMethodAccessorImpl.invoke0[Native Method]&#13;
	at sun.reflect.NativeMethodAccessorImpl.invoke[NativeMethodAccessorImpl.java:39]&#13;
	at sun.reflect.DelegatingMethodAccessorImpl.invoke[DelegatingMethodAccessorImpl.java:25]&#13;
	at java.lang.reflect.Method.invoke[Method.java:597]&#13;
	at org.eclipse.ant.core.AntRunner.run[AntRunner.java:378]&#13;
	at org.eclipse.ant.internal.launching.launchConfigurations.AntLaunchDelegate$1.run[AntLaunchDelegate.java:298]&#13;
	at java.lang.Thread.run[Thread.java:619]&#13;
&#13;
	at org.eclipse.epsilon.eunit.operations.ExtraEUnitOperationContributor.assertLineMatchingPredicate[ExtraEUnitOperationContributor.java:145]&#13;
	at org.eclipse.epsilon.eunit.operations.ExtraEUnitOperationContributor.assertLineWithMatch[ExtraEUnitOperationContributor.java:123]&#13;
	at org.eclipse.epsilon.eunit.operations.ExtraEUnitOperationContributor.assertLineWithMatch[ExtraEUnitOperationContributor.java:116]&#13;
	at sun.reflect.GeneratedMethodAccessor485.invoke[Unknown Source]&#13;
	at sun.reflect.DelegatingMethodAccessorImpl.invoke[DelegatingMethodAccessorImpl.java:25]&#13;
	at java.lang.reflect.Method.invoke[Method.java:597]&#13;
	at org.eclipse.epsilon.eol.util.ReflectionUtil.executeMethod[ReflectionUtil.java:175]&#13;
	at org.eclipse.epsilon.eol.util.ReflectionUtil.executeMethod[ReflectionUtil.java:157]&#13;
	at org.eclipse.epsilon.eol.execute.PointExecutor.executeOperation[PointExecutor.java:154]&#13;
	at org.eclipse.epsilon.eol.execute.PointExecutor.execute[PointExecutor.java:75]&#13;
	at org.eclipse.epsilon.eol.execute.ContextlessOperationExecutor.execute[ContextlessOperationExecutor.java:27]&#13;
	at org.eclipse.epsilon.eol.execute.NameExecutor.execute[NameExecutor.java:38]&#13;
	at org.eclipse.epsilon.eol.execute.NameExecutor.execute[NameExecutor.java:97]&#13;
	at org.eclipse.epsilon.eol.execute.ExecutorFactory.executeAST[ExecutorFactory.java:226]&#13;
	at org.eclipse.epsilon.eol.execute.ExecutorFactory.executeAST[ExecutorFactory.java:196]&#13;
	at org.eclipse.epsilon.eol.execute.StatementBlockExecutor.execute[StatementBlockExecutor.java:26]&#13;
	at org.eclipse.epsilon.eol.execute.ExecutorFactory.executeAST[ExecutorFactory.java:226]&#13;
	at org.eclipse.epsilon.eol.EolOperation.executeBody[EolOperation.java:276]&#13;
	at org.eclipse.epsilon.eol.EolOperation.execute[EolOperation.java:248]&#13;
	at org.eclipse.epsilon.eunit.EUnitModule.runLeafTestCase[EUnitModule.java:414]&#13;
	at org.eclipse.epsilon.eunit.EUnitModule.runSuiteInternal[EUnitModule.java:342]&#13;
	at org.eclipse.epsilon.eunit.EUnitModule.runSuite[EUnitModule.java:165]&#13;
	at org.eclipse.epsilon.eunit.EUnitModule.runInnerTestCase[EUnitModule.java:369]&#13;
	at org.eclipse.epsilon.eunit.EUnitModule.runSuiteInternal[EUnitModule.java:344]&#13;
	at org.eclipse.epsilon.eunit.EUnitModule.runSuite[EUnitModule.java:165]&#13;
	at org.eclipse.epsilon.eunit.EUnitModule.execute[EUnitModule.java:126]&#13;
	at org.eclipse.epsilon.workflow.tasks.ExecutableModuleTask.executeImpl[ExecutableModuleTask.java:193]&#13;
	at org.eclipse.epsilon.workflow.tasks.EpsilonTask.execute[EpsilonTask.java:42]&#13;
	at org.apache.tools.ant.UnknownElement.execute[UnknownElement.java:291]&#13;
	at sun.reflect.NativeMethodAccessorImpl.invoke0[Native Method]&#13;
	at sun.reflect.NativeMethodAccessorImpl.invoke[NativeMethodAccessorImpl.java:39]&#13;
	at sun.reflect.DelegatingMethodAccessorImpl.invoke[DelegatingMethodAccessorImpl.java:25]&#13;
	at java.lang.reflect.Method.invoke[Method.java:597]&#13;
	at org.apache.tools.ant.dispatch.DispatchUtils.execute[DispatchUtils.java:106]&#13;
	at org.apache.tools.ant.Task.perform[Task.java:348]&#13;
	at org.apache.tools.ant.Target.execute[Target.java:392]&#13;
	at org.apache.tools.ant.Target.performTasks[Target.java:413]&#13;
	at org.apache.tools.ant.Project.executeSortedTargets[Project.java:1399]&#13;
	at org.apache.tools.ant.Project.executeTarget[Project.java:1368]&#13;
	at org.apache.tools.ant.helper.DefaultExecutor.executeTargets[DefaultExecutor.java:41]&#13;
	at org.eclipse.ant.internal.core.ant.EclipseDefaultExecutor.executeTargets[EclipseDefaultExecutor.java:32]&#13;
	at org.apache.tools.ant.Project.executeTargets[Project.java:1251]&#13;
	at org.eclipse.ant.internal.core.ant.InternalAntRunner.run[InternalAntRunner.java:672]&#13;
	at org.eclipse.ant.internal.core.ant.InternalAntRunner.run[InternalAntRunner.java:498]&#13;
	at sun.reflect.NativeMethodAccessorImpl.invoke0[Native Method]&#13;
	at sun.reflect.NativeMethodAccessorImpl.invoke[NativeMethodAccessorImpl.java:39]&#13;
	at sun.reflect.DelegatingMethodAccessorImpl.invoke[DelegatingMethodAccessorImpl.java:25]&#13;
	at java.lang.reflect.Method.invoke[Method.java:597]&#13;
	at org.eclipse.ant.core.AntRunner.run[AntRunner.java:378]&#13;
	at org.eclipse.ant.internal.launching.launchConfigurations.AntLaunchDelegate$1.run[AntLaunchDelegate.java:298]&#13;
	at java.lang.Thread.run[Thread.java:619]&#13;
Caused by: No lines contained a match for 'PaquetePruebas_metodoSinTipoConParam [ int a]' [C:\Users\Patricia\Documents\UNIVERSIDAD\PFC\Eclipse_1\TestGraphProductLine\src\test.eunit@128:4]&#13;
	... 51 more&#13;
 (C:\Users\Patricia\Documents\UNIVERSIDAD\PFC\Eclipse_1\TestGraphProductLine\src\test.eunit@128:4)&#13;
	at org.eclipse.epsilon.eunit.operations.ExtraEUnitOperationContributor.assertLineMatchingPredicate(ExtraEUnitOperationContributor.java:145)&#13;
	at org.eclipse.epsilon.eunit.operations.ExtraEUnitOperationContributor.assertLineWithMatch(ExtraEUnitOperationContributor.java:123)&#13;
	at org.eclipse.epsilon.eunit.operations.ExtraEUnitOperationContributor.assertLineWithMatch(ExtraEUnitOperationContributor.java:116)&#13;
	at sun.reflect.GeneratedMethodAccessor485.invoke(Unknown Source)&#13;
	at sun.reflect.DelegatingMethodAccessorImpl.invoke(DelegatingMethodAccessorImpl.java:25)&#13;
	at java.lang.reflect.Method.invoke(Method.java:597)&#13;
	at org.eclipse.epsilon.eol.util.ReflectionUtil.executeMethod(ReflectionUtil.java:175)&#13;
	at org.eclipse.epsilon.eol.util.ReflectionUtil.executeMethod(ReflectionUtil.java:157)&#13;
	at org.eclipse.epsilon.eol.execute.PointExecutor.executeOperation(PointExecutor.java:154)&#13;
	at org.eclipse.epsilon.eol.execute.PointExecutor.execute(PointExecutor.java:75)&#13;
	at org.eclipse.epsilon.eol.execute.ContextlessOperationExecutor.execute(ContextlessOperationExecutor.java:27)&#13;
	at org.eclipse.epsilon.eol.execute.NameExecutor.execute(NameExecutor.java:38)&#13;
	at org.eclipse.epsilon.eol.execute.NameExecutor.execute(NameExecutor.java:97)&#13;
	at org.eclipse.epsilon.eol.execute.ExecutorFactory.executeAST(ExecutorFactory.java:226)&#13;
	at org.eclipse.epsilon.eol.execute.ExecutorFactory.executeAST(ExecutorFactory.java:196)&#13;
	at org.eclipse.epsilon.eol.execute.StatementBlockExecutor.execute(StatementBlockExecutor.java:26)&#13;
	at org.eclipse.epsilon.eol.execute.ExecutorFactory.executeAST(ExecutorFactory.java:226)&#13;
	at org.eclipse.epsilon.eol.EolOperation.executeBody(EolOperation.java:276)&#13;
	at org.eclipse.epsilon.eol.EolOperation.execute(EolOperation.java:248)&#13;
	at org.eclipse.epsilon.eunit.EUnitModule.runLeafTestCase(EUnitModule.java:414)&#13;
	at org.eclipse.epsilon.eunit.EUnitModule.runSuiteInternal(EUnitModule.java:342)&#13;
	at org.eclipse.epsilon.eunit.EUnitModule.runSuite(EUnitModule.java:165)&#13;
	at org.eclipse.epsilon.eunit.EUnitModule.runInnerTestCase(EUnitModule.java:369)&#13;
	at org.eclipse.epsilon.eunit.EUnitModule.runSuiteInternal(EUnitModule.java:344)&#13;
	at org.eclipse.epsilon.eunit.EUnitModule.runSuite(EUnitModule.java:165)&#13;
	at org.eclipse.epsilon.eunit.EUnitModule.execute(EUnitModule.java:126)&#13;
	at org.eclipse.epsilon.workflow.tasks.ExecutableModuleTask.executeImpl(ExecutableModuleTask.java:193)&#13;
	at org.eclipse.epsilon.workflow.tasks.EpsilonTask.execute(EpsilonTask.java:42)&#13;
	at org.apache.tools.ant.UnknownElement.execute(UnknownElement.java:291)&#13;
	at sun.reflect.NativeMethodAccessorImpl.invoke0(Native Method)&#13;
	at sun.reflect.NativeMethodAccessorImpl.invoke(NativeMethodAccessorImpl.java:39)&#13;
	at sun.reflect.DelegatingMethodAccessorImpl.invoke(DelegatingMethodAccessorImpl.java:25)&#13;
	at java.lang.reflect.Method.invoke(Method.java:597)&#13;
	at org.apache.tools.ant.dispatch.DispatchUtils.execute(DispatchUtils.java:106)&#13;
	at org.apache.tools.ant.Task.perform(Task.java:348)&#13;
	at org.apache.tools.ant.Target.execute(Target.java:392)&#13;
	at org.apache.tools.ant.Target.performTasks(Target.java:413)&#13;
	at org.apache.tools.ant.Project.executeSortedTargets(Project.java:1399)&#13;
	at org.apache.tools.ant.Project.executeTarget(Project.java:1368)&#13;
	at org.apache.tools.ant.helper.DefaultExecutor.executeTargets(DefaultExecutor.java:41)&#13;
	at org.eclipse.ant.internal.core.ant.EclipseDefaultExecutor.executeTargets(EclipseDefaultExecutor.java:32)&#13;
	at org.apache.tools.ant.Project.executeTargets(Project.java:1251)&#13;
	at org.eclipse.ant.internal.core.ant.InternalAntRunner.run(InternalAntRunner.java:672)&#13;
	at org.eclipse.ant.internal.core.ant.InternalAntRunner.run(InternalAntRunner.java:498)&#13;
	at sun.reflect.NativeMethodAccessorImpl.invoke0(Native Method)&#13;
	at sun.reflect.NativeMethodAccessorImpl.invoke(NativeMethodAccessorImpl.java:39)&#13;
	at sun.reflect.DelegatingMethodAccessorImpl.invoke(DelegatingMethodAccessorImpl.java:25)&#13;
	at java.lang.reflect.Method.invoke(Method.java:597)&#13;
	at org.eclipse.ant.core.AntRunner.run(AntRunner.java:378)&#13;
	at org.eclipse.ant.internal.launching.launchConfigurations.AntLaunchDelegate$1.run(AntLaunchDelegate.java:298)&#13;
	at java.lang.Thread.run(Thread.java:619)&#13;
Caused by: Internal error: No lines contained a match for 'PaquetePruebas_metodoSinTipoConParam [ int a]' [C:\Users\Patricia\Documents\UNIVERSIDAD\PFC\Eclipse_1\TestGraphProductLine\src\test.eunit@128:4]&#13;
	at org.eclipse.epsilon.eunit.operations.ExtraEUnitOperationContributor.assertLineMatchingPredicate[ExtraEUnitOperationContributor.java:145]&#13;
	at org.eclipse.epsilon.eunit.operations.ExtraEUnitOperationContributor.assertLineWithMatch[ExtraEUnitOperationContributor.java:123]&#13;
	at org.eclipse.epsilon.eunit.operations.ExtraEUnitOperationContributor.assertLineWithMatch[ExtraEUnitOperationContributor.java:116]&#13;
	at sun.reflect.GeneratedMethodAccessor485.invoke[Unknown Source]&#13;
	at sun.reflect.DelegatingMethodAccessorImpl.invoke[DelegatingMethodAccessorImpl.java:25]&#13;
	at java.lang.reflect.Method.invoke[Method.java:597]&#13;
	at org.eclipse.epsilon.eol.util.ReflectionUtil.executeMethod[ReflectionUtil.java:175]&#13;
	at org.eclipse.epsilon.eol.util.ReflectionUtil.executeMethod[ReflectionUtil.java:157]&#13;
	at org.eclipse.epsilon.eol.execute.PointExecutor.executeOperation[PointExecutor.java:154]&#13;
	at org.eclipse.epsilon.eol.execute.PointExecutor.execute[PointExecutor.java:75]&#13;
	at org.eclipse.epsilon.eol.execute.ContextlessOperationExecutor.execute[ContextlessOperationExecutor.java:27]&#13;
	at org.eclipse.epsilon.eol.execute.NameExecutor.execute[NameExecutor.java:38]&#13;
	at org.eclipse.epsilon.eol.execute.NameExecutor.execute[NameExecutor.java:97]&#13;
	at org.eclipse.epsilon.eol.execute.ExecutorFactory.executeAST[ExecutorFactory.java:226]&#13;
	at org.eclipse.epsilon.eol.execute.ExecutorFactory.executeAST[ExecutorFactory.java:196]&#13;
	at org.eclipse.epsilon.eol.execute.StatementBlockExecutor.execute[StatementBlockExecutor.java:26]&#13;
	at org.eclipse.epsilon.eol.execute.ExecutorFactory.executeAST[ExecutorFactory.java:226]&#13;
	at org.eclipse.epsilon.eol.EolOperation.executeBody[EolOperation.java:276]&#13;
	at org.eclipse.epsilon.eol.EolOperation.execute[EolOperation.java:248]&#13;
	at org.eclipse.epsilon.eunit.EUnitModule.runLeafTestCase[EUnitModule.java:414]&#13;
	at org.eclipse.epsilon.eunit.EUnitModule.runSuiteInternal[EUnitModule.java:342]&#13;
	at org.eclipse.epsilon.eunit.EUnitModule.runSuite[EUnitModule.java:165]&#13;
	at org.eclipse.epsilon.eunit.EUnitModule.runInnerTestCase[EUnitModule.java:369]&#13;
	at org.eclipse.epsilon.eunit.EUnitModule.runSuiteInternal[EUnitModule.java:344]&#13;
	at org.eclipse.epsilon.eunit.EUnitModule.runSuite[EUnitModule.java:165]&#13;
	at org.eclipse.epsilon.eunit.EUnitModule.execute[EUnitModule.java:126]&#13;
	at org.eclipse.epsilon.workflow.tasks.ExecutableModuleTask.executeImpl[ExecutableModuleTask.java:193]&#13;
	at org.eclipse.epsilon.workflow.tasks.EpsilonTask.execute[EpsilonTask.java:42]&#13;
	at org.apache.tools.ant.UnknownElement.execute[UnknownElement.java:291]&#13;
	at sun.reflect.NativeMethodAccessorImpl.invoke0[Native Method]&#13;
	at sun.reflect.NativeMethodAccessorImpl.invoke[NativeMethodAccessorImpl.java:39]&#13;
	at sun.reflect.DelegatingMethodAccessorImpl.invoke[DelegatingMethodAccessorImpl.java:25]&#13;
	at java.lang.reflect.Method.invoke[Method.java:597]&#13;
	at org.apache.tools.ant.dispatch.DispatchUtils.execute[DispatchUtils.java:106]&#13;
	at org.apache.tools.ant.Task.perform[Task.java:348]&#13;
	at org.apache.tools.ant.Target.execute[Target.java:392]&#13;
	at org.apache.tools.ant.Target.performTasks[Target.java:413]&#13;
	at org.apache.tools.ant.Project.executeSortedTargets[Project.java:1399]&#13;
	at org.apache.tools.ant.Project.executeTarget[Project.java:1368]&#13;
	at org.apache.tools.ant.helper.DefaultExecutor.executeTargets[DefaultExecutor.java:41]&#13;
	at org.eclipse.ant.internal.core.ant.EclipseDefaultExecutor.executeTargets[EclipseDefaultExecutor.java:32]&#13;
	at org.apache.tools.ant.Project.executeTargets[Project.java:1251]&#13;
	at org.eclipse.ant.internal.core.ant.InternalAntRunner.run[InternalAntRunner.java:672]&#13;
	at org.eclipse.ant.internal.core.ant.InternalAntRunner.run[InternalAntRunner.java:498]&#13;
	at sun.reflect.NativeMethodAccessorImpl.invoke0[Native Method]&#13;
	at sun.reflect.NativeMethodAccessorImpl.invoke[NativeMethodAccessorImpl.java:39]&#13;
	at sun.reflect.DelegatingMethodAccessorImpl.invoke[DelegatingMethodAccessorImpl.java:25]&#13;
	at java.lang.reflect.Method.invoke[Method.java:597]&#13;
	at org.eclipse.ant.core.AntRunner.run[AntRunner.java:378]&#13;
	at org.eclipse.ant.internal.launching.launchConfigurations.AntLaunchDelegate$1.run[AntLaunchDelegate.java:298]&#13;
	at java.lang.Thread.run[Thread.java:619]&#13;
&#13;
	... 51 more&#13;
Caused by: No lines contained a match for 'PaquetePruebas_metodoSinTipoConParam [ int a]' (C:\Users\Patricia\Documents\UNIVERSIDAD\PFC\Eclipse_1\TestGraphProductLine\src\test.eunit@128:4)&#13;
	... 51 more&#13;
</failure></testcase><testcase classname="default.test" name="methodVoidWithoutParams" time="0.00200000"/><testcase classname="default.test" name="methodVoidWithParams" time="0.00100000"/><testcase classname="default.test" name="methodReturnPrimitiveTypeWithParams" time="0.00200000"/><testcase classname="default.test" name="methodReturnCollectionWithoutParams" time="0.00200000"/><testcase classname="default.test" name="methodReturnCollectionWithParams" time="0.00100000"/><testcase classname="default.test" name="staticMethod" time="0.00100000"/><testcase classname="default.test" name="abstractMethod" time="0.00100000"/><testcase classname="default.test" name="parameterWithoutName" time="0.00100000"/><testcase classname="default.test" name="simpleHierarchy" time="0.00100000"/><testcase classname="default.test" name="thowsExceptions" time="0.00200000"/><system-out>Test classWithNameAndWithoutType {} passed [cpu: 0 ms, wallclock: 5 ms]&#13;
Test classTypeAbstract {} passed [cpu: 0 ms, wallclock: 1 ms]&#13;
Test classHierarchyOneOrManyClasses {} passed [cpu: 15 ms, wallclock: 1 ms]&#13;
Test classHierarchyClassesAndInterfaces {} passed [cpu: 0 ms, wallclock: 1 ms]&#13;
Test classWithoutProperties {} passed [cpu: 15 ms, wallclock: 37 ms]&#13;
Test classWithoutMethods {} passed [cpu: 15 ms, wallclock: 16 ms]&#13;
Test classWithoutPropertiesNorMethods {} passed [cpu: 15 ms, wallclock: 14 ms]&#13;
Test classWithProperties {} passed [cpu: 31 ms, wallclock: 18 ms]&#13;
Test classWithMethods {} passed [cpu: 15 ms, wallclock: 17 ms]&#13;
Test classWithPropertiesAndMethods {} passed [cpu: 15 ms, wallclock: 27 ms]&#13;
Test packageWithName {} passed [cpu: 62 ms, wallclock: 64 ms]&#13;
Test packageWithClassesAndInterfaces {} passed [cpu: 343 ms, wallclock: 355 ms]&#13;
Test emptyPackage {} passed [cpu: 0 ms, wallclock: 1 ms]&#13;
Test packageInsideOtherPackage {} passed [cpu: 46 ms, wallclock: 44 ms]&#13;
Test interfaceWithName {} passed [cpu: 15 ms, wallclock: 9 ms]&#13;
Test interfaceWithMethods {} passed [cpu: 15 ms, wallclock: 16 ms]&#13;
Test interfaceWithoutMethods {} passed [cpu: 15 ms, wallclock: 14 ms]&#13;
Test propertyWithName {} passed [cpu: 0 ms, wallclock: 1 ms]&#13;
Test propertyWithoutName {} passed [cpu: 0 ms, wallclock: 1 ms]&#13;
Test staticProperty {} passed [cpu: 0 ms, wallclock: 1 ms]&#13;
Test collectionProperty {} passed [cpu: 0 ms, wallclock: 2 ms]&#13;
Test propertyIsObject {} passed [cpu: 0 ms, wallclock: 1 ms]&#13;
Test bidirectionalRelation {} passed [cpu: 15 ms, wallclock: 1 ms]&#13;
Test methodWithName {} passed [cpu: 0 ms, wallclock: 1 ms]&#13;
Test methodWithoutName {} passed [cpu: 0 ms, wallclock: 1 ms]&#13;
Test methodWithoutTypeAndWithoutParams {} passed [cpu: 0 ms, wallclock: 1 ms]&#13;
Test methodVoidWithoutParams {} passed [cpu: 0 ms, wallclock: 2 ms]&#13;
Test methodVoidWithParams {} passed [cpu: 0 ms, wallclock: 1 ms]&#13;
Test methodReturnPrimitiveTypeWithParams {} passed [cpu: 0 ms, wallclock: 2 ms]&#13;
Test methodReturnCollectionWithoutParams {} passed [cpu: 0 ms, wallclock: 2 ms]&#13;
Test methodReturnCollectionWithParams {} passed [cpu: 0 ms, wallclock: 1 ms]&#13;
Test staticMethod {} passed [cpu: 0 ms, wallclock: 1 ms]&#13;
Test abstractMethod {} passed [cpu: 0 ms, wallclock: 1 ms]&#13;
Test parameterWithoutName {} passed [cpu: 15 ms, wallclock: 1 ms]&#13;
Test simpleHierarchy {} passed [cpu: 0 ms, wallclock: 1 ms]&#13;
Test thowsExceptions {} passed [cpu: 0 ms, wallclock: 2 ms]&#13;
</system-out><system-err>Test methodWithoutTypeAndWithParams {} failed with status FAILURE: Internal error: Internal error: No lines contained a match for 'PaquetePruebas_metodoSinTipoConParam [ int a]' [C:\Users\Patricia\Documents\UNIVERSIDAD\PFC\Eclipse_1\TestGraphProductLine\src\test.eunit@128:4]&#13;
	at org.eclipse.epsilon.eunit.operations.ExtraEUnitOperationContributor.assertLineMatchingPredicate[ExtraEUnitOperationContributor.java:145]&#13;
	at org.eclipse.epsilon.eunit.operations.ExtraEUnitOperationContributor.assertLineWithMatch[ExtraEUnitOperationContributor.java:123]&#13;
	at org.eclipse.epsilon.eunit.operations.ExtraEUnitOperationContributor.assertLineWithMatch[ExtraEUnitOperationContributor.java:116]&#13;
	at sun.reflect.GeneratedMethodAccessor485.invoke[Unknown Source]&#13;
	at sun.reflect.DelegatingMethodAccessorImpl.invoke[DelegatingMethodAccessorImpl.java:25]&#13;
	at java.lang.reflect.Method.invoke[Method.java:597]&#13;
	at org.eclipse.epsilon.eol.util.ReflectionUtil.executeMethod[ReflectionUtil.java:175]&#13;
	at org.eclipse.epsilon.eol.util.ReflectionUtil.executeMethod[ReflectionUtil.java:157]&#13;
	at org.eclipse.epsilon.eol.execute.PointExecutor.executeOperation[PointExecutor.java:154]&#13;
	at org.eclipse.epsilon.eol.execute.PointExecutor.execute[PointExecutor.java:75]&#13;
	at org.eclipse.epsilon.eol.execute.ContextlessOperationExecutor.execute[ContextlessOperationExecutor.java:27]&#13;
	at org.eclipse.epsilon.eol.execute.NameExecutor.execute[NameExecutor.java:38]&#13;
	at org.eclipse.epsilon.eol.execute.NameExecutor.execute[NameExecutor.java:97]&#13;
	at org.eclipse.epsilon.eol.execute.ExecutorFactory.executeAST[ExecutorFactory.java:226]&#13;
	at org.eclipse.epsilon.eol.execute.ExecutorFactory.executeAST[ExecutorFactory.java:196]&#13;
	at org.eclipse.epsilon.eol.execute.StatementBlockExecutor.execute[StatementBlockExecutor.java:26]&#13;
	at org.eclipse.epsilon.eol.execute.ExecutorFactory.executeAST[ExecutorFactory.java:226]&#13;
	at org.eclipse.epsilon.eol.EolOperation.executeBody[EolOperation.java:276]&#13;
	at org.eclipse.epsilon.eol.EolOperation.execute[EolOperation.java:248]&#13;
	at org.eclipse.epsilon.eunit.EUnitModule.runLeafTestCase[EUnitModule.java:414]&#13;
	at org.eclipse.epsilon.eunit.EUnitModule.runSuiteInternal[EUnitModule.java:342]&#13;
	at org.eclipse.epsilon.eunit.EUnitModule.runSuite[EUnitModule.java:165]&#13;
	at org.eclipse.epsilon.eunit.EUnitModule.runInnerTestCase[EUnitModule.java:369]&#13;
	at org.eclipse.epsilon.eunit.EUnitModule.runSuiteInternal[EUnitModule.java:344]&#13;
	at org.eclipse.epsilon.eunit.EUnitModule.runSuite[EUnitModule.java:165]&#13;
	at org.eclipse.epsilon.eunit.EUnitModule.execute[EUnitModule.java:126]&#13;
	at org.eclipse.epsilon.workflow.tasks.ExecutableModuleTask.executeImpl[ExecutableModuleTask.java:193]&#13;
	at org.eclipse.epsilon.workflow.tasks.EpsilonTask.execute[EpsilonTask.java:42]&#13;
	at org.apache.tools.ant.UnknownElement.execute[UnknownElement.java:291]&#13;
	at sun.reflect.NativeMethodAccessorImpl.invoke0[Native Method]&#13;
	at sun.reflect.NativeMethodAccessorImpl.invoke[NativeMethodAccessorImpl.java:39]&#13;
	at sun.reflect.DelegatingMethodAccessorImpl.invoke[DelegatingMethodAccessorImpl.java:25]&#13;
	at java.lang.reflect.Method.invoke[Method.java:597]&#13;
	at org.apache.tools.ant.dispatch.DispatchUtils.execute[DispatchUtils.java:106]&#13;
	at org.apache.tools.ant.Task.perform[Task.java:348]&#13;
	at org.apache.tools.ant.Target.execute[Target.java:392]&#13;
	at org.apache.tools.ant.Target.performTasks[Target.java:413]&#13;
	at org.apache.tools.ant.Project.executeSortedTargets[Project.java:1399]&#13;
	at org.apache.tools.ant.Project.executeTarget[Project.java:1368]&#13;
	at org.apache.tools.ant.helper.DefaultExecutor.executeTargets[DefaultExecutor.java:41]&#13;
	at org.eclipse.ant.internal.core.ant.EclipseDefaultExecutor.executeTargets[EclipseDefaultExecutor.java:32]&#13;
	at org.apache.tools.ant.Project.executeTargets[Project.java:1251]&#13;
	at org.eclipse.ant.internal.core.ant.InternalAntRunner.run[InternalAntRunner.java:672]&#13;
	at org.eclipse.ant.internal.core.ant.InternalAntRunner.run[InternalAntRunner.java:498]&#13;
	at sun.reflect.NativeMethodAccessorImpl.invoke0[Native Method]&#13;
	at sun.reflect.NativeMethodAccessorImpl.invoke[NativeMethodAccessorImpl.java:39]&#13;
	at sun.reflect.DelegatingMethodAccessorImpl.invoke[DelegatingMethodAccessorImpl.java:25]&#13;
	at java.lang.reflect.Method.invoke[Method.java:597]&#13;
	at org.eclipse.ant.core.AntRunner.run[AntRunner.java:378]&#13;
	at org.eclipse.ant.internal.launching.launchConfigurations.AntLaunchDelegate$1.run[AntLaunchDelegate.java:298]&#13;
	at java.lang.Thread.run[Thread.java:619]&#13;
&#13;
	at org.eclipse.epsilon.eunit.operations.ExtraEUnitOperationContributor.assertLineMatchingPredicate[ExtraEUnitOperationContributor.java:145]&#13;
	at org.eclipse.epsilon.eunit.operations.ExtraEUnitOperationContributor.assertLineWithMatch[ExtraEUnitOperationContributor.java:123]&#13;
	at org.eclipse.epsilon.eunit.operations.ExtraEUnitOperationContributor.assertLineWithMatch[ExtraEUnitOperationContributor.java:116]&#13;
	at sun.reflect.GeneratedMethodAccessor485.invoke[Unknown Source]&#13;
	at sun.reflect.DelegatingMethodAccessorImpl.invoke[DelegatingMethodAccessorImpl.java:25]&#13;
	at java.lang.reflect.Method.invoke[Method.java:597]&#13;
	at org.eclipse.epsilon.eol.util.ReflectionUtil.executeMethod[ReflectionUtil.java:175]&#13;
	at org.eclipse.epsilon.eol.util.ReflectionUtil.executeMethod[ReflectionUtil.java:157]&#13;
	at org.eclipse.epsilon.eol.execute.PointExecutor.executeOperation[PointExecutor.java:154]&#13;
	at org.eclipse.epsilon.eol.execute.PointExecutor.execute[PointExecutor.java:75]&#13;
	at org.eclipse.epsilon.eol.execute.ContextlessOperationExecutor.execute[ContextlessOperationExecutor.java:27]&#13;
	at org.eclipse.epsilon.eol.execute.NameExecutor.execute[NameExecutor.java:38]&#13;
	at org.eclipse.epsilon.eol.execute.NameExecutor.execute[NameExecutor.java:97]&#13;
	at org.eclipse.epsilon.eol.execute.ExecutorFactory.executeAST[ExecutorFactory.java:226]&#13;
	at org.eclipse.epsilon.eol.execute.ExecutorFactory.executeAST[ExecutorFactory.java:196]&#13;
	at org.eclipse.epsilon.eol.execute.StatementBlockExecutor.execute[StatementBlockExecutor.java:26]&#13;
	at org.eclipse.epsilon.eol.execute.ExecutorFactory.executeAST[ExecutorFactory.java:226]&#13;
	at org.eclipse.epsilon.eol.EolOperation.executeBody[EolOperation.java:276]&#13;
	at org.eclipse.epsilon.eol.EolOperation.execute[EolOperation.java:248]&#13;
	at org.eclipse.epsilon.eunit.EUnitModule.runLeafTestCase[EUnitModule.java:414]&#13;
	at org.eclipse.epsilon.eunit.EUnitModule.runSuiteInternal[EUnitModule.java:342]&#13;
	at org.eclipse.epsilon.eunit.EUnitModule.runSuite[EUnitModule.java:165]&#13;
	at org.eclipse.epsilon.eunit.EUnitModule.runInnerTestCase[EUnitModule.java:369]&#13;
	at org.eclipse.epsilon.eunit.EUnitModule.runSuiteInternal[EUnitModule.java:344]&#13;
	at org.eclipse.epsilon.eunit.EUnitModule.runSuite[EUnitModule.java:165]&#13;
	at org.eclipse.epsilon.eunit.EUnitModule.execute[EUnitModule.java:126]&#13;
	at org.eclipse.epsilon.workflow.tasks.ExecutableModuleTask.executeImpl[ExecutableModuleTask.java:193]&#13;
	at org.eclipse.epsilon.workflow.tasks.EpsilonTask.execute[EpsilonTask.java:42]&#13;
	at org.apache.tools.ant.UnknownElement.execute[UnknownElement.java:291]&#13;
	at sun.reflect.NativeMethodAccessorImpl.invoke0[Native Method]&#13;
	at sun.reflect.NativeMethodAccessorImpl.invoke[NativeMethodAccessorImpl.java:39]&#13;
	at sun.reflect.DelegatingMethodAccessorImpl.invoke[DelegatingMethodAccessorImpl.java:25]&#13;
	at java.lang.reflect.Method.invoke[Method.java:597]&#13;
	at org.apache.tools.ant.dispatch.DispatchUtils.execute[DispatchUtils.java:106]&#13;
	at org.apache.tools.ant.Task.perform[Task.java:348]&#13;
	at org.apache.tools.ant.Target.execute[Target.java:392]&#13;
	at org.apache.tools.ant.Target.performTasks[Target.java:413]&#13;
	at org.apache.tools.ant.Project.executeSortedTargets[Project.java:1399]&#13;
	at org.apache.tools.ant.Project.executeTarget[Project.java:1368]&#13;
	at org.apache.tools.ant.helper.DefaultExecutor.executeTargets[DefaultExecutor.java:41]&#13;
	at org.eclipse.ant.internal.core.ant.EclipseDefaultExecutor.executeTargets[EclipseDefaultExecutor.java:32]&#13;
	at org.apache.tools.ant.Project.executeTargets[Project.java:1251]&#13;
	at org.eclipse.ant.internal.core.ant.InternalAntRunner.run[InternalAntRunner.java:672]&#13;
	at org.eclipse.ant.internal.core.ant.InternalAntRunner.run[InternalAntRunner.java:498]&#13;
	at sun.reflect.NativeMethodAccessorImpl.invoke0[Native Method]&#13;
	at sun.reflect.NativeMethodAccessorImpl.invoke[NativeMethodAccessorImpl.java:39]&#13;
	at sun.reflect.DelegatingMethodAccessorImpl.invoke[DelegatingMethodAccessorImpl.java:25]&#13;
	at java.lang.reflect.Method.invoke[Method.java:597]&#13;
	at org.eclipse.ant.core.AntRunner.run[AntRunner.java:378]&#13;
	at org.eclipse.ant.internal.launching.launchConfigurations.AntLaunchDelegate$1.run[AntLaunchDelegate.java:298]&#13;
	at java.lang.Thread.run[Thread.java:619]&#13;
Caused by: No lines contained a match for 'PaquetePruebas_metodoSinTipoConParam [ int a]' [C:\Users\Patricia\Documents\UNIVERSIDAD\PFC\Eclipse_1\TestGraphProductLine\src\test.eunit@128:4]&#13;
	... 51 more&#13;
 (C:\Users\Patricia\Documents\UNIVERSIDAD\PFC\Eclipse_1\TestGraphProductLine\src\test.eunit@128:4)&#13;
Test root {} failed with status FAILURE: Internal error: Internal error: No lines contained a match for 'PaquetePruebas_metodoSinTipoConParam [ int a]' [C:\Users\Patricia\Documents\UNIVERSIDAD\PFC\Eclipse_1\TestGraphProductLine\src\test.eunit@128:4]&#13;
	at org.eclipse.epsilon.eunit.operations.ExtraEUnitOperationContributor.assertLineMatchingPredicate[ExtraEUnitOperationContributor.java:145]&#13;
	at org.eclipse.epsilon.eunit.operations.ExtraEUnitOperationContributor.assertLineWithMatch[ExtraEUnitOperationContributor.java:123]&#13;
	at org.eclipse.epsilon.eunit.operations.ExtraEUnitOperationContributor.assertLineWithMatch[ExtraEUnitOperationContributor.java:116]&#13;
	at sun.reflect.GeneratedMethodAccessor485.invoke[Unknown Source]&#13;
	at sun.reflect.DelegatingMethodAccessorImpl.invoke[DelegatingMethodAccessorImpl.java:25]&#13;
	at java.lang.reflect.Method.invoke[Method.java:597]&#13;
	at org.eclipse.epsilon.eol.util.ReflectionUtil.executeMethod[ReflectionUtil.java:175]&#13;
	at org.eclipse.epsilon.eol.util.ReflectionUtil.executeMethod[ReflectionUtil.java:157]&#13;
	at org.eclipse.epsilon.eol.execute.PointExecutor.executeOperation[PointExecutor.java:154]&#13;
	at org.eclipse.epsilon.eol.execute.PointExecutor.execute[PointExecutor.java:75]&#13;
	at org.eclipse.epsilon.eol.execute.ContextlessOperationExecutor.execute[ContextlessOperationExecutor.java:27]&#13;
	at org.eclipse.epsilon.eol.execute.NameExecutor.execute[NameExecutor.java:38]&#13;
	at org.eclipse.epsilon.eol.execute.NameExecutor.execute[NameExecutor.java:97]&#13;
	at org.eclipse.epsilon.eol.execute.ExecutorFactory.executeAST[ExecutorFactory.java:226]&#13;
	at org.eclipse.epsilon.eol.execute.ExecutorFactory.executeAST[ExecutorFactory.java:196]&#13;
	at org.eclipse.epsilon.eol.execute.StatementBlockExecutor.execute[StatementBlockExecutor.java:26]&#13;
	at org.eclipse.epsilon.eol.execute.ExecutorFactory.executeAST[ExecutorFactory.java:226]&#13;
	at org.eclipse.epsilon.eol.EolOperation.executeBody[EolOperation.java:276]&#13;
	at org.eclipse.epsilon.eol.EolOperation.execute[EolOperation.java:248]&#13;
	at org.eclipse.epsilon.eunit.EUnitModule.runLeafTestCase[EUnitModule.java:414]&#13;
	at org.eclipse.epsilon.eunit.EUnitModule.runSuiteInternal[EUnitModule.java:342]&#13;
	at org.eclipse.epsilon.eunit.EUnitModule.runSuite[EUnitModule.java:165]&#13;
	at org.eclipse.epsilon.eunit.EUnitModule.runInnerTestCase[EUnitModule.java:369]&#13;
	at org.eclipse.epsilon.eunit.EUnitModule.runSuiteInternal[EUnitModule.java:344]&#13;
	at org.eclipse.epsilon.eunit.EUnitModule.runSuite[EUnitModule.java:165]&#13;
	at org.eclipse.epsilon.eunit.EUnitModule.execute[EUnitModule.java:126]&#13;
	at org.eclipse.epsilon.workflow.tasks.ExecutableModuleTask.executeImpl[ExecutableModuleTask.java:193]&#13;
	at org.eclipse.epsilon.workflow.tasks.EpsilonTask.execute[EpsilonTask.java:42]&#13;
	at org.apache.tools.ant.UnknownElement.execute[UnknownElement.java:291]&#13;
	at sun.reflect.NativeMethodAccessorImpl.invoke0[Native Method]&#13;
	at sun.reflect.NativeMethodAccessorImpl.invoke[NativeMethodAccessorImpl.java:39]&#13;
	at sun.reflect.DelegatingMethodAccessorImpl.invoke[DelegatingMethodAccessorImpl.java:25]&#13;
	at java.lang.reflect.Method.invoke[Method.java:597]&#13;
	at org.apache.tools.ant.dispatch.DispatchUtils.execute[DispatchUtils.java:106]&#13;
	at org.apache.tools.ant.Task.perform[Task.java:348]&#13;
	at org.apache.tools.ant.Target.execute[Target.java:392]&#13;
	at org.apache.tools.ant.Target.performTasks[Target.java:413]&#13;
	at org.apache.tools.ant.Project.executeSortedTargets[Project.java:1399]&#13;
	at org.apache.tools.ant.Project.executeTarget[Project.java:1368]&#13;
	at org.apache.tools.ant.helper.DefaultExecutor.executeTargets[DefaultExecutor.java:41]&#13;
	at org.eclipse.ant.internal.core.ant.EclipseDefaultExecutor.executeTargets[EclipseDefaultExecutor.java:32]&#13;
	at org.apache.tools.ant.Project.executeTargets[Project.java:1251]&#13;
	at org.eclipse.ant.internal.core.ant.InternalAntRunner.run[InternalAntRunner.java:672]&#13;
	at org.eclipse.ant.internal.core.ant.InternalAntRunner.run[InternalAntRunner.java:498]&#13;
	at sun.reflect.NativeMethodAccessorImpl.invoke0[Native Method]&#13;
	at sun.reflect.NativeMethodAccessorImpl.invoke[NativeMethodAccessorImpl.java:39]&#13;
	at sun.reflect.DelegatingMethodAccessorImpl.invoke[DelegatingMethodAccessorImpl.java:25]&#13;
	at java.lang.reflect.Method.invoke[Method.java:597]&#13;
	at org.eclipse.ant.core.AntRunner.run[AntRunner.java:378]&#13;
	at org.eclipse.ant.internal.launching.launchConfigurations.AntLaunchDelegate$1.run[AntLaunchDelegate.java:298]&#13;
	at java.lang.Thread.run[Thread.java:619]&#13;
&#13;
	at org.eclipse.epsilon.eunit.operations.ExtraEUnitOperationContributor.assertLineMatchingPredicate[ExtraEUnitOperationContributor.java:145]&#13;
	at org.eclipse.epsilon.eunit.operations.ExtraEUnitOperationContributor.assertLineWithMatch[ExtraEUnitOperationContributor.java:123]&#13;
	at org.eclipse.epsilon.eunit.operations.ExtraEUnitOperationContributor.assertLineWithMatch[ExtraEUnitOperationContributor.java:116]&#13;
	at sun.reflect.GeneratedMethodAccessor485.invoke[Unknown Source]&#13;
	at sun.reflect.DelegatingMethodAccessorImpl.invoke[DelegatingMethodAccessorImpl.java:25]&#13;
	at java.lang.reflect.Method.invoke[Method.java:597]&#13;
	at org.eclipse.epsilon.eol.util.ReflectionUtil.executeMethod[ReflectionUtil.java:175]&#13;
	at org.eclipse.epsilon.eol.util.ReflectionUtil.executeMethod[ReflectionUtil.java:157]&#13;
	at org.eclipse.epsilon.eol.execute.PointExecutor.executeOperation[PointExecutor.java:154]&#13;
	at org.eclipse.epsilon.eol.execute.PointExecutor.execute[PointExecutor.java:75]&#13;
	at org.eclipse.epsilon.eol.execute.ContextlessOperationExecutor.execute[ContextlessOperationExecutor.java:27]&#13;
	at org.eclipse.epsilon.eol.execute.NameExecutor.execute[NameExecutor.java:38]&#13;
	at org.eclipse.epsilon.eol.execute.NameExecutor.execute[NameExecutor.java:97]&#13;
	at org.eclipse.epsilon.eol.execute.ExecutorFactory.executeAST[ExecutorFactory.java:226]&#13;
	at org.eclipse.epsilon.eol.execute.ExecutorFactory.executeAST[ExecutorFactory.java:196]&#13;
	at org.eclipse.epsilon.eol.execute.StatementBlockExecutor.execute[StatementBlockExecutor.java:26]&#13;
	at org.eclipse.epsilon.eol.execute.ExecutorFactory.executeAST[ExecutorFactory.java:226]&#13;
	at org.eclipse.epsilon.eol.EolOperation.executeBody[EolOperation.java:276]&#13;
	at org.eclipse.epsilon.eol.EolOperation.execute[EolOperation.java:248]&#13;
	at org.eclipse.epsilon.eunit.EUnitModule.runLeafTestCase[EUnitModule.java:414]&#13;
	at org.eclipse.epsilon.eunit.EUnitModule.runSuiteInternal[EUnitModule.java:342]&#13;
	at org.eclipse.epsilon.eunit.EUnitModule.runSuite[EUnitModule.java:165]&#13;
	at org.eclipse.epsilon.eunit.EUnitModule.runInnerTestCase[EUnitModule.java:369]&#13;
	at org.eclipse.epsilon.eunit.EUnitModule.runSuiteInternal[EUnitModule.java:344]&#13;
	at org.eclipse.epsilon.eunit.EUnitModule.runSuite[EUnitModule.java:165]&#13;
	at org.eclipse.epsilon.eunit.EUnitModule.execute[EUnitModule.java:126]&#13;
	at org.eclipse.epsilon.workflow.tasks.ExecutableModuleTask.executeImpl[ExecutableModuleTask.java:193]&#13;
	at org.eclipse.epsilon.workflow.tasks.EpsilonTask.execute[EpsilonTask.java:42]&#13;
	at org.apache.tools.ant.UnknownElement.execute[UnknownElement.java:291]&#13;
	at sun.reflect.NativeMethodAccessorImpl.invoke0[Native Method]&#13;
	at sun.reflect.NativeMethodAccessorImpl.invoke[NativeMethodAccessorImpl.java:39]&#13;
	at sun.reflect.DelegatingMethodAccessorImpl.invoke[DelegatingMethodAccessorImpl.java:25]&#13;
	at java.lang.reflect.Method.invoke[Method.java:597]&#13;
	at org.apache.tools.ant.dispatch.DispatchUtils.execute[DispatchUtils.java:106]&#13;
	at org.apache.tools.ant.Task.perform[Task.java:348]&#13;
	at org.apache.tools.ant.Target.execute[Target.java:392]&#13;
	at org.apache.tools.ant.Target.performTasks[Target.java:413]&#13;
	at org.apache.tools.ant.Project.executeSortedTargets[Project.java:1399]&#13;
	at org.apache.tools.ant.Project.executeTarget[Project.java:1368]&#13;
	at org.apache.tools.ant.helper.DefaultExecutor.executeTargets[DefaultExecutor.java:41]&#13;
	at org.eclipse.ant.internal.core.ant.EclipseDefaultExecutor.executeTargets[EclipseDefaultExecutor.java:32]&#13;
	at org.apache.tools.ant.Project.executeTargets[Project.java:1251]&#13;
	at org.eclipse.ant.internal.core.ant.InternalAntRunner.run[InternalAntRunner.java:672]&#13;
	at org.eclipse.ant.internal.core.ant.InternalAntRunner.run[InternalAntRunner.java:498]&#13;
	at sun.reflect.NativeMethodAccessorImpl.invoke0[Native Method]&#13;
	at sun.reflect.NativeMethodAccessorImpl.invoke[NativeMethodAccessorImpl.java:39]&#13;
	at sun.reflect.DelegatingMethodAccessorImpl.invoke[DelegatingMethodAccessorImpl.java:25]&#13;
	at java.lang.reflect.Method.invoke[Method.java:597]&#13;
	at org.eclipse.ant.core.AntRunner.run[AntRunner.java:378]&#13;
	at org.eclipse.ant.internal.launching.launchConfigurations.AntLaunchDelegate$1.run[AntLaunchDelegate.java:298]&#13;
	at java.lang.Thread.run[Thread.java:619]&#13;
Caused by: No lines contained a match for 'PaquetePruebas_metodoSinTipoConParam [ int a]' [C:\Users\Patricia\Documents\UNIVERSIDAD\PFC\Eclipse_1\TestGraphProductLine\src\test.eunit@128:4]&#13;
	... 51 more&#13;
 (C:\Users\Patricia\Documents\UNIVERSIDAD\PFC\Eclipse_1\TestGraphProductLine\src\test.eunit@128:4)&#13;
</system-err></testsuite>